# JRE version: OpenJDK Runtime Environment Temurin-21.0.6+7 (21.0.6+7) (build 21.0.6+7-LTS)
# Java VM: OpenJDK 64-Bit Server VM Temurin-21.0.6+7 (21.0.6+7-LTS, mixed mode, sharing, tiered, compressed oops, compressed class ptrs, parallel gc, windows-amd64)
GC Precious Log:
 CardTable entry size: 512
 CPUs: 8 total, 8 available
 Memory: 16149M
 Large Page Support: Disabled
 NUMA Support: Disabled
 Compressed Oops: Enabled (32-bit)
 Alignments: Space 512K, Generation 512K, Heap 2M
 Heap Min Capacity: 100M
 Heap Initial Capacity: 100M
 Heap Max Capacity: 1G
 Pre-touch: Disabled
 Parallel Workers: 8
Heap:
 PSYoungGen      total 20480K, used 3006K [0x00000000eab00000, 0x00000000ec100000, 0x0000000100000000)
  eden space 18944K, 9% used [0x00000000eab00000,0x00000000eaccf8b8,0x00000000ebd80000)
  from space 1536K, 75% used [0x00000000ebe00000,0x00000000ebf20000,0x00000000ebf80000)
  to   space 1536K, 0% used [0x00000000ebf80000,0x00000000ebf80000,0x00000000ec100000)
 ParOldGen       total 68608K, used 34921K [0x00000000c0000000, 0x00000000c4300000, 0x00000000eab00000)
  object space 68608K, 50% used [0x00000000c0000000,0x00000000c221a598,0x00000000c4300000)
 Metaspace       used 45409K, committed 46336K, reserved 1114112K
  class space    used 4521K, committed 4928K, reserved 1048576K
GC Heap History (20 events):
Event: 22.775 GC heap before
{Heap before GC invocations=18 (full 1):
 PSYoungGen      total 22016K, used 21556K [0x00000000eab00000, 0x00000000ec380000, 0x0000000100000000)
  eden space 20480K, 100% used [0x00000000eab00000,0x00000000ebf00000,0x00000000ebf00000)
  from space 1536K, 70% used [0x00000000ec200000,0x00000000ec30d3c8,0x00000000ec380000)
  to   space 2048K, 0% used [0x00000000ebf80000,0x00000000ebf80000,0x00000000ec180000)
 ParOldGen       total 68608K, used 26941K [0x00000000c0000000, 0x00000000c4300000, 0x00000000eab00000)
  object space 68608K, 39% used [0x00000000c0000000,0x00000000c1a4f5f8,0x00000000c4300000)
 Metaspace       used 34991K, committed 35904K, reserved 1114112K
  class space    used 3527K, committed 3904K, reserved 1048576K
}
Event: 22.779 GC heap after
{Heap after GC invocations=18 (full 1):
 PSYoungGen      total 22016K, used 1229K [0x00000000eab00000, 0x00000000ec280000, 0x0000000100000000)
  eden space 20480K, 0% used [0x00000000eab00000,0x00000000eab00000,0x00000000ebf00000)
  from space 1536K, 80% used [0x00000000ebf80000,0x00000000ec0b3510,0x00000000ec100000)
  to   space 1536K, 0% used [0x00000000ec100000,0x00000000ec100000,0x00000000ec280000)
 ParOldGen       total 68608K, used 27815K [0x00000000c0000000, 0x00000000c4300000, 0x00000000eab00000)
  object space 68608K, 40% used [0x00000000c0000000,0x00000000c1b29e08,0x00000000c4300000)
 Metaspace       used 34991K, committed 35904K, reserved 1114112K
  class space    used 3527K, committed 3904K, reserved 1048576K
}
Event: 22.958 GC heap before
{Heap before GC invocations=19 (full 1):
 PSYoungGen      total 22016K, used 7601K [0x00000000eab00000, 0x00000000ec280000, 0x0000000100000000)
  eden space 20480K, 31% used [0x00000000eab00000,0x00000000eb138fd0,0x00000000ebf00000)
  from space 1536K, 80% used [0x00000000ebf80000,0x00000000ec0b3510,0x00000000ec100000)
  to   space 1536K, 0% used [0x00000000ec100000,0x00000000ec100000,0x00000000ec280000)
 ParOldGen       total 68608K, used 27815K [0x00000000c0000000, 0x00000000c4300000, 0x00000000eab00000)
  object space 68608K, 40% used [0x00000000c0000000,0x00000000c1b29e08,0x00000000c4300000)
 Metaspace       used 35556K, committed 36416K, reserved 1114112K
  class space    used 3577K, committed 3968K, reserved 1048576K
}
Event: 22.961 GC heap after
{Heap after GC invocations=19 (full 1):
 PSYoungGen      total 20992K, used 401K [0x00000000eab00000, 0x00000000ec180000, 0x0000000100000000)
  eden space 20480K, 0% used [0x00000000eab00000,0x00000000eab00000,0x00000000ebf00000)
  from space 512K, 78% used [0x00000000ec100000,0x00000000ec1644f0,0x00000000ec180000)
  to   space 1024K, 0% used [0x00000000ebf80000,0x00000000ebf80000,0x00000000ec080000)
 ParOldGen       total 68608K, used 28916K [0x00000000c0000000, 0x00000000c4300000, 0x00000000eab00000)
  object space 68608K, 42% used [0x00000000c0000000,0x00000000c1c3d328,0x00000000c4300000)
 Metaspace       used 35556K, committed 36416K, reserved 1114112K
  class space    used 3577K, committed 3968K, reserved 1048576K
}
Event: 22.961 GC heap before
{Heap before GC invocations=20 (full 2):
 PSYoungGen      total 20992K, used 401K [0x00000000eab00000, 0x00000000ec180000, 0x0000000100000000)
  eden space 20480K, 0% used [0x00000000eab00000,0x00000000eab00000,0x00000000ebf00000)
  from space 512K, 78% used [0x00000000ec100000,0x00000000ec1644f0,0x00000000ec180000)
  to   space 1024K, 0% used [0x00000000ebf80000,0x00000000ebf80000,0x00000000ec080000)
 ParOldGen       total 68608K, used 28916K [0x00000000c0000000, 0x00000000c4300000, 0x00000000eab00000)
  object space 68608K, 42% used [0x00000000c0000000,0x00000000c1c3d328,0x00000000c4300000)
 Metaspace       used 35556K, committed 36416K, reserved 1114112K
  class space    used 3577K, committed 3968K, reserved 1048576K
}
Event: 23.033 GC heap after
{Heap after GC invocations=20 (full 2):
 PSYoungGen      total 20992K, used 0K [0x00000000eab00000, 0x00000000ec180000, 0x0000000100000000)
  eden space 20480K, 0% used [0x00000000eab00000,0x00000000eab00000,0x00000000ebf00000)
  from space 512K, 0% used [0x00000000ec100000,0x00000000ec100000,0x00000000ec180000)
  to   space 1024K, 0% used [0x00000000ebf80000,0x00000000ebf80000,0x00000000ec080000)
 ParOldGen       total 68608K, used 27433K [0x00000000c0000000, 0x00000000c4300000, 0x00000000eab00000)
  object space 68608K, 39% used [0x00000000c0000000,0x00000000c1aca668,0x00000000c4300000)
 Metaspace       used 35556K, committed 36416K, reserved 1114112K
  class space    used 3577K, committed 3968K, reserved 1048576K
}
Event: 23.801 GC heap before
{Heap before GC invocations=21 (full 2):
 PSYoungGen      total 20992K, used 20479K [0x00000000eab00000, 0x00000000ec180000, 0x0000000100000000)
  eden space 20480K, 99% used [0x00000000eab00000,0x00000000ebefffa8,0x00000000ebf00000)
  from space 512K, 0% used [0x00000000ec100000,0x00000000ec100000,0x00000000ec180000)
  to   space 1024K, 0% used [0x00000000ebf80000,0x00000000ebf80000,0x00000000ec080000)
 ParOldGen       total 68608K, used 27433K [0x00000000c0000000, 0x00000000c4300000, 0x00000000eab00000)
  object space 68608K, 39% used [0x00000000c0000000,0x00000000c1aca668,0x00000000c4300000)
 Metaspace       used 38271K, committed 39232K, reserved 1114112K
  class space    used 3862K, committed 4288K, reserved 1048576K
}
Event: 23.804 GC heap after
{Heap after GC invocations=21 (full 2):
 PSYoungGen      total 21504K, used 1017K [0x00000000eab00000, 0x00000000ec500000, 0x0000000100000000)
  eden space 20480K, 0% used [0x00000000eab00000,0x00000000eab00000,0x00000000ebf00000)
  from space 1024K, 99% used [0x00000000ebf80000,0x00000000ec07e4e0,0x00000000ec080000)
  to   space 3072K, 0% used [0x00000000ec200000,0x00000000ec200000,0x00000000ec500000)
 ParOldGen       total 68608K, used 28686K [0x00000000c0000000, 0x00000000c4300000, 0x00000000eab00000)
  object space 68608K, 41% used [0x00000000c0000000,0x00000000c1c03b98,0x00000000c4300000)
 Metaspace       used 38271K, committed 39232K, reserved 1114112K
  class space    used 3862K, committed 4288K, reserved 1048576K
}
Event: 24.595 GC heap before
{Heap before GC invocations=22 (full 2):
 PSYoungGen      total 21504K, used 21497K [0x00000000eab00000, 0x00000000ec500000, 0x0000000100000000)
  eden space 20480K, 100% used [0x00000000eab00000,0x00000000ebf00000,0x00000000ebf00000)
  from space 1024K, 99% used [0x00000000ebf80000,0x00000000ec07e4e0,0x00000000ec080000)
  to   space 3072K, 0% used [0x00000000ec200000,0x00000000ec200000,0x00000000ec500000)
 ParOldGen       total 68608K, used 28686K [0x00000000c0000000, 0x00000000c4300000, 0x00000000eab00000)
  object space 68608K, 41% used [0x00000000c0000000,0x00000000c1c03b98,0x00000000c4300000)
 Metaspace       used 40190K, committed 41216K, reserved 1114112K
  class space    used 4021K, committed 4480K, reserved 1048576K
}
Event: 24.598 GC heap after
{Heap after GC invocations=22 (full 2):
 PSYoungGen      total 22016K, used 3041K [0x00000000eab00000, 0x00000000ec800000, 0x0000000100000000)
  eden space 18944K, 0% used [0x00000000eab00000,0x00000000eab00000,0x00000000ebd80000)
  from space 3072K, 99% used [0x00000000ec200000,0x00000000ec4f85d0,0x00000000ec500000)
  to   space 4608K, 0% used [0x00000000ebd80000,0x00000000ebd80000,0x00000000ec200000)
 ParOldGen       total 68608K, used 29722K [0x00000000c0000000, 0x00000000c4300000, 0x00000000eab00000)
  object space 68608K, 43% used [0x00000000c0000000,0x00000000c1d06968,0x00000000c4300000)
 Metaspace       used 40190K, committed 41216K, reserved 1114112K
  class space    used 4021K, committed 4480K, reserved 1048576K
}
Event: 24.710 GC heap before
{Heap before GC invocations=23 (full 2):
 PSYoungGen      total 22016K, used 21985K [0x00000000eab00000, 0x00000000ec800000, 0x0000000100000000)
  eden space 18944K, 100% used [0x00000000eab00000,0x00000000ebd80000,0x00000000ebd80000)
  from space 3072K, 99% used [0x00000000ec200000,0x00000000ec4f85d0,0x00000000ec500000)
  to   space 4608K, 0% used [0x00000000ebd80000,0x00000000ebd80000,0x00000000ec200000)
 ParOldGen       total 68608K, used 29722K [0x00000000c0000000, 0x00000000c4300000, 0x00000000eab00000)
  object space 68608K, 43% used [0x00000000c0000000,0x00000000c1d06968,0x00000000c4300000)
 Metaspace       used 40283K, committed 41280K, reserved 1114112K
  class space    used 4029K, committed 4480K, reserved 1048576K
}
Event: 24.716 GC heap after
{Heap after GC invocations=23 (full 2):
 PSYoungGen      total 19968K, used 1014K [0x00000000eab00000, 0x00000000ec280000, 0x0000000100000000)
  eden space 18944K, 0% used [0x00000000eab00000,0x00000000eab00000,0x00000000ebd80000)
  from space 1024K, 99% used [0x00000000ebd80000,0x00000000ebe7daa0,0x00000000ebe80000)
  to   space 2560K, 0% used [0x00000000ec000000,0x00000000ec000000,0x00000000ec280000)
 ParOldGen       total 68608K, used 31748K [0x00000000c0000000, 0x00000000c4300000, 0x00000000eab00000)
  object space 68608K, 46% used [0x00000000c0000000,0x00000000c1f01298,0x00000000c4300000)
 Metaspace       used 40283K, committed 41280K, reserved 1114112K
  class space    used 4029K, committed 4480K, reserved 1048576K
}
Event: 36.740 GC heap before
{Heap before GC invocations=24 (full 2):
 PSYoungGen      total 19968K, used 19927K [0x00000000eab00000, 0x00000000ec280000, 0x0000000100000000)
  eden space 18944K, 99% used [0x00000000eab00000,0x00000000ebd78298,0x00000000ebd80000)
  from space 1024K, 99% used [0x00000000ebd80000,0x00000000ebe7daa0,0x00000000ebe80000)
  to   space 2560K, 0% used [0x00000000ec000000,0x00000000ec000000,0x00000000ec280000)
 ParOldGen       total 68608K, used 31748K [0x00000000c0000000, 0x00000000c4300000, 0x00000000eab00000)
  object space 68608K, 46% used [0x00000000c0000000,0x00000000c1f01298,0x00000000c4300000)
 Metaspace       used 41966K, committed 43072K, reserved 1114112K
  class space    used 4198K, committed 4672K, reserved 1048576K
}
Event: 36.742 GC heap after
{Heap after GC invocations=24 (full 2):
 PSYoungGen      total 19456K, used 387K [0x00000000eab00000, 0x00000000ec080000, 0x0000000100000000)
  eden space 18944K, 0% used [0x00000000eab00000,0x00000000eab00000,0x00000000ebd80000)
  from space 512K, 75% used [0x00000000ec000000,0x00000000ec060e70,0x00000000ec080000)
  to   space 1024K, 0% used [0x00000000ebe80000,0x00000000ebe80000,0x00000000ebf80000)
 ParOldGen       total 68608K, used 31820K [0x00000000c0000000, 0x00000000c4300000, 0x00000000eab00000)
  object space 68608K, 46% used [0x00000000c0000000,0x00000000c1f13298,0x00000000c4300000)
 Metaspace       used 41966K, committed 43072K, reserved 1114112K
  class space    used 4198K, committed 4672K, reserved 1048576K
}
Event: 51.534 GC heap before
{Heap before GC invocations=25 (full 2):
 PSYoungGen      total 19456K, used 19311K [0x00000000eab00000, 0x00000000ec080000, 0x0000000100000000)
  eden space 18944K, 99% used [0x00000000eab00000,0x00000000ebd7adb8,0x00000000ebd80000)
  from space 512K, 75% used [0x00000000ec000000,0x00000000ec060e70,0x00000000ec080000)
  to   space 1024K, 0% used [0x00000000ebe80000,0x00000000ebe80000,0x00000000ebf80000)
 ParOldGen       total 68608K, used 31820K [0x00000000c0000000, 0x00000000c4300000, 0x00000000eab00000)
  object space 68608K, 46% used [0x00000000c0000000,0x00000000c1f13298,0x00000000c4300000)
 Metaspace       used 43090K, committed 44160K, reserved 1114112K
  class space    used 4277K, committed 4736K, reserved 1048576K
}
Event: 51.539 GC heap after
{Heap after GC invocations=25 (full 2):
 PSYoungGen      total 19968K, used 992K [0x00000000eab00000, 0x00000000ec380000, 0x0000000100000000)
  eden space 18944K, 0% used [0x00000000eab00000,0x00000000eab00000,0x00000000ebd80000)
  from space 1024K, 96% used [0x00000000ebe80000,0x00000000ebf78020,0x00000000ebf80000)
  to   space 3072K, 0% used [0x00000000ec080000,0x00000000ec080000,0x00000000ec380000)
 ParOldGen       total 68608K, used 33299K [0x00000000c0000000, 0x00000000c4300000, 0x00000000eab00000)
  object space 68608K, 48% used [0x00000000c0000000,0x00000000c2084e68,0x00000000c4300000)
 Metaspace       used 43090K, committed 44160K, reserved 1114112K
  class space    used 4277K, committed 4736K, reserved 1048576K
}
Event: 58.821 GC heap before
{Heap before GC invocations=26 (full 2):
 PSYoungGen      total 19968K, used 19936K [0x00000000eab00000, 0x00000000ec380000, 0x0000000100000000)
  eden space 18944K, 100% used [0x00000000eab00000,0x00000000ebd80000,0x00000000ebd80000)
  from space 1024K, 96% used [0x00000000ebe80000,0x00000000ebf78020,0x00000000ebf80000)
  to   space 3072K, 0% used [0x00000000ec080000,0x00000000ec080000,0x00000000ec380000)
 ParOldGen       total 68608K, used 33299K [0x00000000c0000000, 0x00000000c4300000, 0x00000000eab00000)
  object space 68608K, 48% used [0x00000000c0000000,0x00000000c2084e68,0x00000000c4300000)
 Metaspace       used 43866K, committed 44864K, reserved 1114112K
  class space    used 4340K, committed 4800K, reserved 1048576K
}
Event: 58.830 GC heap after
{Heap after GC invocations=26 (full 2):
 PSYoungGen      total 20480K, used 1232K [0x00000000eab00000, 0x00000000ec200000, 0x0000000100000000)
  eden space 18944K, 0% used [0x00000000eab00000,0x00000000eab00000,0x00000000ebd80000)
  from space 1536K, 80% used [0x00000000ec080000,0x00000000ec1b40b8,0x00000000ec200000)
  to   space 2048K, 0% used [0x00000000ebe00000,0x00000000ebe00000,0x00000000ec000000)
 ParOldGen       total 68608K, used 34275K [0x00000000c0000000, 0x00000000c4300000, 0x00000000eab00000)
  object space 68608K, 49% used [0x00000000c0000000,0x00000000c2178e88,0x00000000c4300000)
 Metaspace       used 43866K, committed 44864K, reserved 1114112K
  class space    used 4340K, committed 4800K, reserved 1048576K
}
Event: 66.430 GC heap before
{Heap before GC invocations=27 (full 2):
 PSYoungGen      total 20480K, used 20176K [0x00000000eab00000, 0x00000000ec200000, 0x0000000100000000)
  eden space 18944K, 100% used [0x00000000eab00000,0x00000000ebd80000,0x00000000ebd80000)
  from space 1536K, 80% used [0x00000000ec080000,0x00000000ec1b40b8,0x00000000ec200000)
  to   space 2048K, 0% used [0x00000000ebe00000,0x00000000ebe00000,0x00000000ec000000)
 ParOldGen       total 68608K, used 34275K [0x00000000c0000000, 0x00000000c4300000, 0x00000000eab00000)
  object space 68608K, 49% used [0x00000000c0000000,0x00000000c2178e88,0x00000000c4300000)
 Metaspace       used 45397K, committed 46336K, reserved 1114112K
  class space    used 4518K, committed 4928K, reserved 1048576K
}
Event: 66.831 GC heap after
{Heap after GC invocations=27 (full 2):
 PSYoungGen      total 20480K, used 1152K [0x00000000eab00000, 0x00000000ec100000, 0x0000000100000000)
  eden space 18944K, 0% used [0x00000000eab00000,0x00000000eab00000,0x00000000ebd80000)
  from space 1536K, 75% used [0x00000000ebe00000,0x00000000ebf20000,0x00000000ebf80000)
  to   space 1536K, 0% used [0x00000000ebf80000,0x00000000ebf80000,0x00000000ec100000)
 ParOldGen       total 68608K, used 34921K [0x00000000c0000000, 0x00000000c4300000, 0x00000000eab00000)
  object space 68608K, 50% used [0x00000000c0000000,0x00000000c221a598,0x00000000c4300000)
 Metaspace       used 45397K, committed 46336K, reserved 1114112K
  class space    used 4518K, committed 4928K, reserved 1048576K
}

